Release 14.6 Map P.68d (nt)
Xilinx Mapping Report File for Design 'Ebert2Main'

Design Information
------------------
Command Line   : map -intstyle ise -p xc3s50a-tq144-4 -cm area -ir off -pr off
-c 100 -o Ebert2Main_map.ncd Ebert2Main.ngd Ebert2Main.pcf 
Target Device  : xc3s50a
Target Package : tq144
Target Speed   : -4
Mapper Version : spartan3a -- $Revision: 1.55 $
Mapped Date    : Thu Dec 06 12:53:56 2018

Design Summary
--------------
Number of errors:      0
Number of warnings:   10
Logic Utilization:
  Number of Slice Flip Flops:           165 out of   1,408   11%
  Number of 4 input LUTs:               226 out of   1,408   16%
Logic Distribution:
  Number of occupied Slices:            257 out of     704   36%
    Number of Slices containing only related logic:     257 out of     257 100%
    Number of Slices containing unrelated logic:          0 out of     257   0%
      *See NOTES below for an explanation of the effects of unrelated logic.
  Total Number of 4 input LUTs:         483 out of   1,408   34%
    Number used as logic:               226
    Number used as a route-thru:        257

  The Slice Logic Distribution report is not meaningful if the design is
  over-mapped for a non-slice resource or if Placement fails.

  Number of bonded IOBs:                 36 out of     108   33%
  Number of BUFGMUXs:                     2 out of      24    8%

Average Fanout of Non-Clock Nets:                2.34

Peak Memory Usage:  290 MB
Total REAL time to MAP completion:  1 secs 
Total CPU time to MAP completion:   1 secs 

NOTES:

   Related logic is defined as being logic that shares connectivity - e.g. two
   LUTs are "related" if they share common inputs.  When assembling slices,
   Map gives priority to combine logic that is related.  Doing so results in
   the best timing performance.

   Unrelated logic shares no connectivity.  Map will only begin packing
   unrelated logic into a slice once 99% of the slices are occupied through
   related logic packing.

   Note that once logic distribution reaches the 99% level through related
   logic packing, this does not mean the device is completely utilized.
   Unrelated logic packing will then begin, continuing until all usable LUTs
   and FFs are occupied.  Depending on your timing budget, increased levels of
   unrelated logic packing may adversely affect the overall timing performance
   of your design.

Table of Contents
-----------------
Section 1 - Errors
Section 2 - Warnings
Section 3 - Informational
Section 4 - Removed Logic Summary
Section 5 - Removed Logic
Section 6 - IOB Properties
Section 7 - RPMs
Section 8 - Guide Report
Section 9 - Area Group and Partition Summary
Section 10 - Timing Report
Section 11 - Configuration String Information
Section 12 - Control Set Information
Section 13 - Utilization by Hierarchy

Section 1 - Errors
------------------

Section 2 - Warnings
--------------------
WARNING:PhysDesignRules:367 - The signal <DPSwitch<0>_IBUF> is incomplete. The
   signal does not drive any load pins in the design.
WARNING:PhysDesignRules:367 - The signal <DPSwitch<1>_IBUF> is incomplete. The
   signal does not drive any load pins in the design.
WARNING:PhysDesignRules:367 - The signal <DPSwitch<2>_IBUF> is incomplete. The
   signal does not drive any load pins in the design.
WARNING:PhysDesignRules:367 - The signal <DPSwitch<3>_IBUF> is incomplete. The
   signal does not drive any load pins in the design.
WARNING:PhysDesignRules:367 - The signal <DPSwitch<4>_IBUF> is incomplete. The
   signal does not drive any load pins in the design.
WARNING:PhysDesignRules:367 - The signal <DPSwitch<5>_IBUF> is incomplete. The
   signal does not drive any load pins in the design.
WARNING:PhysDesignRules:367 - The signal <DPSwitch<6>_IBUF> is incomplete. The
   signal does not drive any load pins in the design.
WARNING:PhysDesignRules:367 - The signal <DPSwitch<7>_IBUF> is incomplete. The
   signal does not drive any load pins in the design.
WARNING:PhysDesignRules:367 - The signal <LED<6>_IBUF> is incomplete. The signal
   does not drive any load pins in the design.
WARNING:PhysDesignRules:367 - The signal <LED<7>_IBUF> is incomplete. The signal
   does not drive any load pins in the design.

Section 3 - Informational
-------------------------
INFO:LIT:243 - Logical network LED<6>_IBUF has no load.
INFO:LIT:395 - The above info message is repeated 9 more times for the following
   (max. 5 shown):
   LED<7>_IBUF,
   DPSwitch<7>_IBUF,
   DPSwitch<6>_IBUF,
   DPSwitch<5>_IBUF,
   DPSwitch<4>_IBUF
   To see the details of these info messages, please use the -detail switch.
INFO:MapLib:562 - No environment variables are currently set.
INFO:MapLib:159 - Net Timing constraints on signal Clk are pushed forward
   through input buffer.
INFO:LIT:244 - All of the single ended outputs in this design are using slew
   rate limited output drivers. The delay on speed critical single ended outputs
   can be dramatically reduced by designating them as fast outputs.

Section 4 - Removed Logic Summary
---------------------------------
   2 block(s) optimized away

Section 5 - Removed Logic
-------------------------

Optimized Block(s):
TYPE 		BLOCK
GND 		XST_GND
VCC 		XST_VCC

To enable printing of redundant blocks removed and signals merged, set the
detailed map report option and rerun map.

Section 6 - IOB Properties
--------------------------

+-------------------------------------------------------------------------------------------------------------------------------------------------------------------------------+
| IOB Name                           | Type             | Direction | IO Standard          | Diff  | Drive    | Slew    | Reg (s)      | Resistor | IBUF/IFD | SUSPEND          |
|                                    |                  |           |                      | Term  | Strength | Rate    |              |          | Delay    |                  |
+-------------------------------------------------------------------------------------------------------------------------------------------------------------------------------+
| Audio_L                            | IOB              | OUTPUT    | LVCMOS33             |       | 12       | SLOW    |              |          | 0 / 0    | 3STATE           |
| Audio_R                            | IOB              | OUTPUT    | LVCMOS33             |       | 12       | SLOW    |              |          | 0 / 0    | 3STATE           |
| Clk                                | IBUF             | INPUT     | LVCMOS33             |       |          |         |              |          | 0 / 0    |                  |
| DPSwitch<0>                        | IBUF             | INPUT     | LVCMOS33             |       |          |         |              | PULLUP   | 0 / 0    |                  |
| DPSwitch<1>                        | IBUF             | INPUT     | LVCMOS33             |       |          |         |              | PULLUP   | 0 / 0    |                  |
| DPSwitch<2>                        | IBUF             | INPUT     | LVCMOS33             |       |          |         |              | PULLUP   | 0 / 0    |                  |
| DPSwitch<3>                        | IBUF             | INPUT     | LVCMOS33             |       |          |         |              | PULLUP   | 0 / 0    |                  |
| DPSwitch<4>                        | IBUF             | INPUT     | LVCMOS33             |       |          |         |              | PULLUP   | 0 / 0    |                  |
| DPSwitch<5>                        | IBUF             | INPUT     | LVCMOS33             |       |          |         |              | PULLUP   | 0 / 0    |                  |
| DPSwitch<6>                        | IBUF             | INPUT     | LVCMOS33             |       |          |         |              | PULLUP   | 0 / 0    |                  |
| DPSwitch<7>                        | IBUF             | INPUT     | LVCMOS33             |       |          |         |              | PULLUP   | 0 / 0    |                  |
| Enable<0>                          | IOB              | OUTPUT    | LVCMOS33             |       | 12       | SLOW    |              |          | 0 / 0    | 3STATE           |
| Enable<1>                          | IOB              | OUTPUT    | LVCMOS33             |       | 12       | SLOW    |              |          | 0 / 0    | 3STATE           |
| Enable<2>                          | IOB              | OUTPUT    | LVCMOS33             |       | 12       | SLOW    |              |          | 0 / 0    | 3STATE           |
| LED<0>                             | IOB              | OUTPUT    | LVCMOS33             |       | 12       | SLOW    |              |          | 0 / 0    | 3STATE           |
| LED<1>                             | IOB              | OUTPUT    | LVCMOS33             |       | 12       | SLOW    |              |          | 0 / 0    | 3STATE           |
| LED<2>                             | IOB              | OUTPUT    | LVCMOS33             |       | 12       | SLOW    |              |          | 0 / 0    | 3STATE           |
| LED<3>                             | IOB              | OUTPUT    | LVCMOS33             |       | 12       | SLOW    |              |          | 0 / 0    | 3STATE           |
| LED<4>                             | IOB              | OUTPUT    | LVCMOS33             |       | 12       | SLOW    |              |          | 0 / 0    | 3STATE           |
| LED<5>                             | IOB              | OUTPUT    | LVCMOS33             |       | 12       | SLOW    |              |          | 0 / 0    | 3STATE           |
| LED<6>                             | IBUF             | INPUT     | LVCMOS33             |       |          |         |              |          | 0 / 0    |                  |
| LED<7>                             | IBUF             | INPUT     | LVCMOS33             |       |          |         |              |          | 0 / 0    |                  |
| SevenSegment<0>                    | IOB              | OUTPUT    | LVCMOS33             |       | 12       | SLOW    |              |          | 0 / 0    | 3STATE           |
| SevenSegment<1>                    | IOB              | OUTPUT    | LVCMOS33             |       | 12       | SLOW    |              |          | 0 / 0    | 3STATE           |
| SevenSegment<2>                    | IOB              | OUTPUT    | LVCMOS33             |       | 12       | SLOW    |              |          | 0 / 0    | 3STATE           |
| SevenSegment<3>                    | IOB              | OUTPUT    | LVCMOS33             |       | 12       | SLOW    |              |          | 0 / 0    | 3STATE           |
| SevenSegment<4>                    | IOB              | OUTPUT    | LVCMOS33             |       | 12       | SLOW    |              |          | 0 / 0    | 3STATE           |
| SevenSegment<5>                    | IOB              | OUTPUT    | LVCMOS33             |       | 12       | SLOW    |              |          | 0 / 0    | 3STATE           |
| SevenSegment<6>                    | IOB              | OUTPUT    | LVCMOS33             |       | 12       | SLOW    |              |          | 0 / 0    | 3STATE           |
| SevenSegment<7>                    | IOB              | OUTPUT    | LVCMOS33             |       | 12       | SLOW    |              |          | 0 / 0    | 3STATE           |
| Switch<0>                          | IBUF             | INPUT     | LVCMOS33             |       |          |         |              | PULLUP   | 0 / 0    |                  |
| Switch<1>                          | IBUF             | INPUT     | LVCMOS33             |       |          |         |              | PULLUP   | 0 / 0    |                  |
| Switch<2>                          | IBUF             | INPUT     | LVCMOS33             |       |          |         |              | PULLUP   | 0 / 0    |                  |
| Switch<3>                          | IBUF             | INPUT     | LVCMOS33             |       |          |         |              | PULLUP   | 0 / 0    |                  |
| Switch<4>                          | IBUF             | INPUT     | LVCMOS33             |       |          |         |              | PULLUP   | 0 / 0    |                  |
| Switch<5>                          | IBUF             | INPUT     | LVCMOS33             |       |          |         |              | PULLUP   | 0 / 0    |                  |
+-------------------------------------------------------------------------------------------------------------------------------------------------------------------------------+

Section 7 - RPMs
----------------

Section 8 - Guide Report
------------------------
Guide not run on this design.

Section 9 - Area Group and Partition Summary
--------------------------------------------

Partition Implementation Status
-------------------------------

  No Partitions were found in this design.

-------------------------------

Area Group Information
----------------------

  No area groups were found in this design.

----------------------

Section 10 - Timing Report
--------------------------
This design was not run using timing mode.

Section 11 - Configuration String Details
-----------------------------------------
Use the "-detail" map option to print out Configuration Strings

Section 12 - Control Set Information
------------------------------------
No control set information for this architecture.

Section 13 - Utilization by Hierarchy
-------------------------------------
Use the "-detail" map option to print out the Utilization by Hierarchy section.
